[Tue Feb 23 10:48:39.203 2010] [  328] accepting connections
[Tue Feb 23 10:49:18.203 2010] [  328] shutdown complete
[Tue Feb 23 12:17:30.640 2010] [  944] accepting connections
[Wed Feb 24 09:43:18.750 2010] [ 2008] accepting connections
[Thu Feb 25 09:45:08.390 2010] [  164] accepting connections
[Fri Feb 26 09:37:24.843 2010] [  164] accepting connections
[Fri Feb 26 20:13:18.265 2010] [  304] accepting connections
[Tue Mar  2 09:43:35.718 2010] [ 1860] accepting connections
[Tue Mar  2 09:53:23.484 2010] [ 1860] accepting connections
[Wed Mar  3 09:36:24.687 2010] [  164] accepting connections
[Thu Mar  4 09:46:26.281 2010] [  180] accepting connections
[Fri Mar  5 09:35:33.203 2010] [  180] accepting connections
[Sat Mar  6 09:40:38.843 2010] [  144] accepting connections
[Sat Mar  6 20:26:29.515 2010] [  460] accepting connections
[Mon Mar  8 09:38:37.062 2010] [  444] accepting connections
[Tue Mar  9 09:39:40.156 2010] [  468] accepting connections
[Wed Mar 10 09:41:49.937 2010] [  472] accepting connections
[Thu Mar 11 09:37:16.046 2010] [  152] accepting connections
[Fri Mar 12 09:30:48.171 2010] [  200] accepting connections
[Fri Mar 12 11:03:31.734 2010] [ 1976] accepting connections
[Fri Mar 12 12:13:08.093 2010] [  452] accepting connections
[Mon Mar 15 09:35:53.250 2010] [  276] accepting connections
[Tue Mar 16 09:41:10.484 2010] [ 2032] accepting connections
[Wed Mar 17 10:52:08.578 2010] [ 2044] accepting connections
[Thu Mar 18 09:33:56.968 2010] [  184] accepting connections
[Fri Mar 19 09:42:27.531 2010] [  200] accepting connections
[Sat Mar 20 09:48:21.953 2010] [  160] accepting connections
[Mon Mar 22 09:34:08.984 2010] [  120] accepting connections
[Mon Mar 22 19:45:55.062 2010] [ 1956] accepting connections
[Tue Mar 23 09:38:11.984 2010] [ 1984] accepting connections
[Tue Mar 23 19:24:06.531 2010] [  264] accepting connections
[Wed Mar 24 12:01:36.515 2010] [  300] accepting connections
[Thu Mar 25 09:12:03.734 2010] [  328] accepting connections
[Fri Mar 26 09:33:31.843 2010] [  408] accepting connections
[Sat Mar 27 12:40:10.640 2010] [  420] accepting connections
[Tue Mar 30 09:46:11.656 2010] [ 2004] accepting connections
[Wed Mar 31 09:47:27.046 2010] [  236] accepting connections
[Wed Mar 31 11:41:32.968 2010] [ 1940] accepting connections
[Wed Mar 31 15:15:43.453 2010] [ 1944] accepting connections
[Thu Apr  1 09:36:47.328 2010] [ 1924] accepting connections
[Thu Apr  1 09:49:23.093 2010] [ 1840] accepting connections
[Thu Apr  1 20:14:53.640 2010] [ 2012] accepting connections
[Fri Apr  2 09:58:02.109 2010] [  164] accepting connections
[Sat Apr  3 09:52:00.968 2010] [  152] accepting connections
[Sun Apr  4 12:25:04.593 2010] [  308] accepting connections
[Mon Apr  5 09:36:28.781 2010] [  152] accepting connections
[Tue Apr  6 11:36:17.656 2010] [ 2024] accepting connections
[Wed Apr  7 10:05:56.593 2010] [  188] accepting connections
[Wed Apr  7 19:45:40.203 2010] [ 1972] accepting connections
[Thu Apr  8 09:59:01.000 2010] [  156] accepting connections
[Fri Apr  9 09:57:37.812 2010] [  180] accepting connections
[Mon Apr 12 09:50:52.046 2010] [  172] accepting connections
[Tue Apr 13 09:42:46.140 2010] [  228] accepting connections
[Wed Apr 14 09:48:09.906 2010] [ 2000] accepting connections
[Wed Apr 14 17:18:55.093 2010] [ 1972] accepting connections
[Thu Apr 15 09:42:41.984 2010] [  192] accepting connections
[Fri Apr 16 09:54:45.703 2010] [  200] accepting connections
[Sat Apr 17 10:49:06.828 2010] [ 2016] accepting connections
[Mon Apr 19 09:46:38.468 2010] [  208] accepting connections
[Tue Apr 20 09:38:17.578 2010] [  152] accepting connections
[Wed Apr 21 09:46:26.375 2010] [  208] accepting connections
[Thu Apr 22 09:59:17.796 2010] [  156] accepting connections
[Fri Apr 23 10:02:45.578 2010] [  188] accepting connections
[Sat Apr 24 14:40:37.125 2010] [  424] accepting connections
[Mon Apr 26 09:38:38.687 2010] [  472] accepting connections
[Tue Apr 27 09:48:14.359 2010] [  188] accepting connections
[Wed Apr 28 09:58:30.875 2010] [  240] accepting connections
[Thu Apr 29 09:39:54.109 2010] [  120] accepting connections
[Fri Apr 30 09:47:41.609 2010] [  116] accepting connections
[Fri Apr 30 21:20:55.437 2010] [ 1960] accepting connections
[Sat May  1 09:55:22.078 2010] [ 1936] accepting connections
[Mon May  3 09:56:23.546 2010] [ 2012] accepting connections
[Mon May  3 15:33:21.640 2010] [ 1940] accepting connections
[Tue May  4 10:10:04.515 2010] [ 1940] accepting connections
[Wed May  5 10:03:10.343 2010] [ 1952] accepting connections
[Thu May  6 10:05:53.046 2010] [ 1988] accepting connections
[Fri May  7 09:49:12.421 2010] [  160] accepting connections
[Mon May 10 09:54:23.843 2010] [  188] accepting connections
[Tue May 11 09:39:04.093 2010] [  152] accepting connections
[Tue May 11 09:56:14.875 2010] [ 2000] accepting connections
[Tue May 11 17:07:20.828 2010] [ 2000] accepting connections
[Wed May 12 09:48:24.015 2010] [  240] accepting connections
[Thu May 13 09:46:13.062 2010] [  144] accepting connections
[Thu May 13 22:14:02.125 2010] [ 1972] accepting connections
[Fri May 14 12:20:39.046 2010] [  160] accepting connections
[Sat May 15 10:05:28.750 2010] [  184] accepting connections
[Mon May 17 09:54:46.687 2010] [ 2036] accepting connections
[Tue May 18 09:55:12.265 2010] [  188] accepting connections
[Wed May 19 10:04:05.578 2010] [ 2020] accepting connections
[Thu May 20 10:07:35.390 2010] [  276] accepting connections
[Fri May 21 09:59:05.015 2010] [  196] accepting connections
[Mon May 24 10:07:26.953 2010] [  296] accepting connections
[Tue May 25 09:44:38.421 2010] [  172] accepting connections
[Wed May 26 09:51:24.671 2010] [  180] accepting connections
[Wed May 26 19:54:58.937 2010] [  196] accepting connections
[Thu May 27 14:56:43.015 2010] [  452] accepting connections
[Thu May 27 23:39:00.359 2010] [ 2012] accepting connections
[Fri May 28 09:46:04.734 2010] [  224] accepting connections
[Sat May 29 09:56:43.343 2010] [  176] accepting connections
[Mon May 31 09:57:55.250 2010] [  188] accepting connections
[Tue Jun  1 10:10:25.265 2010] [ 2044] accepting connections
[Wed Jun  2 11:07:25.421 2010] [ 1988] accepting connections
[Thu Jun  3 09:49:56.703 2010] [  468] accepting connections
[Fri Jun  4 09:58:33.890 2010] [  184] accepting connections
[Sat Jun  5 10:05:10.703 2010] [  188] accepting connections
[Sat Jun  5 18:06:12.796 2010] [ 1960] accepting connections
[Mon Jun  7 09:55:35.421 2010] [  184] accepting connections
[Mon Jun  7 15:59:18.625 2010] [  384] accepting connections
[Tue Jun  8 09:54:27.765 2010] [  164] accepting connections
[Wed Jun  9 10:07:33.609 2010] [  180] accepting connections
[Thu Jun 10 11:08:19.765 2010] [  204] accepting connections
[Fri Jun 11 10:43:10.156 2010] [  192] accepting connections
[Sun Jun 13 13:56:48.265 2010] [ 1976] accepting connections
[Mon Jun 14 10:12:49.671 2010] [  164] accepting connections
[Tue Jun 15 10:00:15.468 2010] [  172] accepting connections
[Wed Jun 16 09:58:34.046 2010] [  160] accepting connections
[Thu Jun 17 10:06:30.281 2010] [ 2024] accepting connections
[Fri Jun 18 09:44:56.609 2010] [  164] accepting connections
[Sat Jun 19 10:02:42.390 2010] [ 2028] accepting connections
[Sat Jun 19 12:25:25.406 2010] [  184] accepting connections
[Sat Jun 19 19:10:23.515 2010] [ 1996] accepting connections
[Sun Jun 20 10:31:16.875 2010] [ 2040] accepting connections
[Mon Jun 21 09:43:47.828 2010] [  152] accepting connections
[Tue Jun 22 10:01:11.296 2010] [  172] accepting connections
[Wed Jun 23 09:14:57.109 2010] [ 2008] accepting connections
[Wed Jun 23 17:01:37.703 2010] [ 2016] accepting connections
[Thu Jun 24 09:56:41.218 2010] [ 2040] accepting connections
[Thu Jun 24 10:56:47.250 2010] [ 2036] accepting connections
[Thu Jun 24 11:48:57.500 2010] [ 1996] accepting connections
[Thu Jun 24 23:00:25.000 2010] [ 1952] accepting connections
[Fri Jun 25 08:59:54.765 2010] [  164] accepting connections
[Mon Jun 28 09:42:50.984 2010] [ 1992] accepting connections
[Mon Jun 28 11:24:07.281 2010] [ 2024] accepting connections
[Mon Jun 28 11:27:18.984 2010] [  260] accepting connections
[Mon Jun 28 14:36:18.375 2010] [ 1988] accepting connections
[Mon Jun 28 19:12:41.968 2010] [  144] accepting connections
[Tue Jun 29 08:45:28.187 2010] [ 2040] accepting connections
[Tue Jun 29 18:49:41.343 2010] [ 1744] accepting connections
[Wed Jun 30 08:08:48.828 2010] [  156] accepting connections
[Wed Jun 30 08:16:20.796 2010] [ 2036] accepting connections
[Wed Jun 30 09:39:15.734 2010] [ 2028] accepting connections
[Thu Jul  1 08:58:33.671 2010] [ 2032] accepting connections
[Fri Jul  2 08:58:16.500 2010] [  176] accepting connections
[Sat Jul  3 18:07:29.281 2010] [ 2044] accepting connections
[Sun Jul  4 16:50:32.031 2010] [ 2036] accepting connections
[Sun Jul  4 18:34:11.468 2010] [ 1748] accepting connections
[Mon Jul  5 10:22:26.656 2010] [ 2044] accepting connections
[Tue Jul  6 09:35:05.031 2010] [  168] accepting connections
[Wed Jul  7 09:32:52.359 2010] [  204] accepting connections
[Thu Jul  8 13:52:21.875 2010] [  228] accepting connections
[Fri Jul  9 09:39:13.656 2010] [  200] accepting connections
[Sat Jul 10 09:24:05.203 2010] [  156] accepting connections
[Sat Jul 10 09:52:57.687 2010] [ 2036] accepting connections
[Mon Jul 12 10:46:10.937 2010] [  116] accepting connections
[Tue Jul 13 09:52:27.750 2010] [ 2044] accepting connections
[Tue Jul 13 12:16:44.109 2010] [ 1868] accepting connections
[Wed Jul 14 09:41:22.937 2010] [  184] accepting connections
[Wed Jul 14 10:39:09.703 2010] [ 2036] accepting connections
[Wed Jul 14 11:20:43.375 2010] [  156] accepting connections
[Wed Jul 14 13:43:17.937 2010] [  120] accepting connections
[Thu Jul 15 09:43:39.046 2010] [  208] accepting connections
[Thu Jul 15 14:38:13.593 2010] [  152] accepting connections
[Fri Jul 16 09:46:03.625 2010] [  204] accepting connections
[Sat Jul 17 09:43:45.250 2010] [  200] accepting connections
[Sun Jul 18 11:05:33.140 2010] [ 1996] accepting connections
[Mon Jul 19 09:27:13.531 2010] [  188] accepting connections
[Tue Jul 20 09:40:41.625 2010] [  232] accepting connections
[Wed Jul 21 09:34:57.125 2010] [  160] accepting connections
[Thu Jul 22 09:46:27.109 2010] [  476] accepting connections
[Fri Jul 23 09:39:08.609 2010] [  204] accepting connections
[Mon Jul 26 09:50:58.609 2010] [  168] accepting connections
[Tue Jul 27 09:41:33.562 2010] [  236] accepting connections
[Tue Jul 27 10:02:22.796 2010] [ 1984] accepting connections
[Wed Jul 28 09:40:45.078 2010] [  156] accepting connections
[Thu Jul 29 09:35:17.140 2010] [  124] accepting connections
[Fri Jul 30 09:39:52.421 2010] [  244] accepting connections
[Sat Jul 31 09:42:46.828 2010] [  196] accepting connections
[Mon Aug  2 09:43:42.656 2010] [  280] accepting connections
[Mon Aug  2 17:59:05.703 2010] [  280] accepting connections
[Tue Aug  3 09:58:54.203 2010] [  260] accepting connections
[Wed Aug  4 09:58:47.578 2010] [ 2024] accepting connections
[Thu Aug  5 09:48:17.687 2010] [  336] accepting connections
[Thu Aug  5 19:05:00.437 2010] [  188] accepting connections
[Fri Aug  6 09:56:48.437 2010] [  304] accepting connections
[Mon Aug  9 10:00:36.406 2010] [  336] accepting connections
[Tue Aug 10 14:16:01.171 2010] [  120] accepting connections
[Tue Aug 10 14:22:08.187 2010] [  116] accepting connections
[Wed Aug 11 09:35:14.468 2010] [ 1792] accepting connections
[Wed Aug 11 10:07:31.968 2010] [ 1940] accepting connections
[Wed Aug 11 10:40:55.281 2010] [ 1944] accepting connections
[Wed Aug 11 11:16:20.875 2010] [ 1932] accepting connections
[Thu Aug 12 10:30:50.093 2010] [ 1960] accepting connections
[Thu Aug 12 10:49:00.531 2010] [  152] accepting connections
[Fri Aug 13 09:49:13.000 2010] [  180] accepting connections
[Fri Aug 13 15:10:12.921 2010] [  240] accepting connections
[Sat Aug 14 17:31:50.609 2010] [ 1984] accepting connections
[Thu Aug 19 09:58:52.187 2010] [  204] accepting connections
